Using pre-set license
Built from '2020.3/staging' branch; Version is '2020.3.0f1 (c7b5465681fb) revision 13088070'; Using compiler version '192528614'; Build Type 'Release'
OS: 'Windows 10 Home; OS build 19042.1237; Version 2009; 64bit' Language: 'en' Physical Memory: 16225 MB
BatchMode: 1, IsHumanControllingUs: 0, StartBugReporterOnCrash: 0, Is64bit: 1, IsPro: 0

 COMMAND LINE ARGUMENTS:
E:\Respaldo_UPSLP\Topicos\Unity\Editor\Unity.exe
-adb2
-batchMode
-noUpm
-name
AssetImportWorker0
-projectPath
E:/Respaldo_UPSLP/Topicos/Unity/Crossing-Coronel-Romero
-logFile
Logs/AssetImportWorker0.log
-srvPort
52736
Successfully changed project path to: E:/Respaldo_UPSLP/Topicos/Unity/Crossing-Coronel-Romero
E:/Respaldo_UPSLP/Topicos/Unity/Crossing-Coronel-Romero
Using Asset Import Pipeline V2.
Refreshing native plugins compatible for Editor in 37.10 ms, found 0 plugins.
Preloading 0 native plugins for Editor in 0.00 ms.
Initialize engine version: 2020.3.0f1 (c7b5465681fb)
[Subsystems] Discovering subsystems at path E:/Respaldo_UPSLP/Topicos/Unity/Editor/Data/Resources/UnitySubsystems
[Subsystems] Discovering subsystems at path E:/Respaldo_UPSLP/Topicos/Unity/Crossing-Coronel-Romero/Assets
GfxDevice: creating device client; threaded=0
Direct3D:
    Version:  Direct3D 11.0 [level 11.1]
    Renderer: NVIDIA GeForce GTX 1650 (ID=0x1f91)
    Vendor:   
    VRAM:     3962 MB
    Driver:   30.0.14.7212
Initialize mono
Mono path[0] = 'E:/Respaldo_UPSLP/Topicos/Unity/Editor/Data/Managed'
Mono path[1] = 'E:/Respaldo_UPSLP/Topicos/Unity/Editor/Data/MonoBleedingEdge/lib/mono/unityjit'
Mono config path = 'E:/Respaldo_UPSLP/Topicos/Unity/Editor/Data/MonoBleedingEdge/etc'
Using monoOptions --debugger-agent=transport=dt_socket,embedding=1,server=y,suspend=n,address=127.0.0.1:56912
Begin MonoManager ReloadAssembly
Registering precompiled unity dll's ...
Register platform support module: E:/Respaldo_UPSLP/Topicos/Unity/Editor/Data/PlaybackEngines/WindowsStandaloneSupport/UnityEditor.WindowsStandalone.Extensions.dll
Registered in 0.001296 seconds.
Native extension for WindowsStandalone target not found
Refreshing native plugins compatible for Editor in 32.15 ms, found 0 plugins.
Preloading 0 native plugins for Editor in 0.00 ms.
Invoked RoslynAnalysisRunner static constructor.
RoslynAnalysisRunner will not be running.
RoslynAnalysisRunner has terminated.
Mono: successfully reloaded assembly
- Completed reload, in  1.348 seconds
Platform modules already initialized, skipping
Registering precompiled user dll's ...
Registered in 0.001013 seconds.
Begin MonoManager ReloadAssembly
Native extension for WindowsStandalone target not found
Refreshing native plugins compatible for Editor in 0.22 ms, found 0 plugins.
Preloading 0 native plugins for Editor in 0.00 ms.
Invoked RoslynAnalysisRunner static constructor.
RoslynAnalysisRunner will not be running.
RoslynAnalysisRunner has terminated.
Mono: successfully reloaded assembly
- Completed reload, in  1.177 seconds
Platform modules already initialized, skipping
========================================================================
Worker process is ready to serve import requests
Launched and connected shader compiler UnityShaderCompiler.exe after 0.05 seconds
Refreshing native plugins compatible for Editor in 0.33 ms, found 0 plugins.
Preloading 0 native plugins for Editor in 0.00 ms.
Unloading 1115 Unused Serialized files (Serialized files now loaded: 0)
System memory in use before: 56.9 MB.
System memory in use after: 57.0 MB.

Unloading 9 unused Assets to reduce memory usage. Loaded Objects now: 1558.
Total: 2.946200 ms (FindLiveObjects: 0.145500 ms CreateObjectMapping: 0.044900 ms MarkObjects: 2.671000 ms  DeleteObjects: 0.083200 ms)

========================================================================
Received Import Request.
  path: Assets/Scenes
  artifactKey: Guid(120c1720aa54f8f4d914c18094bbed9e) Importer(815301076,1909f56bfc062723c751e8b465ee728b)
Start importing Assets/Scenes using Guid(120c1720aa54f8f4d914c18094bbed9e) Importer(815301076,1909f56bfc062723c751e8b465ee728b)  -> (artifact id: '522e356ea9434b0d06ab08c525b00731') in 0.005501 seconds
  Import took 0.007871 seconds .

========================================================================
Received Import Request.
  Time since last request: 0.000486 seconds.
  path: Assets/Scenes/Menu.unity
  artifactKey: Guid(e86a2e277dbeccc46a7a5549a8ef1fb5) Importer(815301076,1909f56bfc062723c751e8b465ee728b)
Start importing Assets/Scenes/Menu.unity using Guid(e86a2e277dbeccc46a7a5549a8ef1fb5) Importer(815301076,1909f56bfc062723c751e8b465ee728b)  -> (artifact id: '8fa5735a5d11919c74b32bbbab02f6dd') in 0.011857 seconds
  Import took 0.014751 seconds .

========================================================================
Received Prepare
Registering precompiled user dll's ...
Registered in 0.000706 seconds.
Begin MonoManager ReloadAssembly
Native extension for WindowsStandalone target not found
Refreshing native plugins compatible for Editor in 0.25 ms, found 0 plugins.
Preloading 0 native plugins for Editor in 0.00 ms.
Invoked RoslynAnalysisRunner static constructor.
RoslynAnalysisRunner will not be running.
RoslynAnalysisRunner has terminated.
Mono: successfully reloaded assembly
- Completed reload, in  1.247 seconds
Platform modules already initialized, skipping
Refreshing native plugins compatible for Editor in 0.32 ms, found 0 plugins.
Preloading 0 native plugins for Editor in 0.00 ms.
Unloading 1109 Unused Serialized files (Serialized files now loaded: 0)
System memory in use before: 56.8 MB.
System memory in use after: 56.9 MB.

Unloading 4 unused Assets to reduce memory usage. Loaded Objects now: 1561.
Total: 4.144700 ms (FindLiveObjects: 0.201100 ms CreateObjectMapping: 0.057500 ms MarkObjects: 3.862200 ms  DeleteObjects: 0.022500 ms)

========================================================================
Received Import Request.
  Time since last request: 582.290208 seconds.
  path: Assets
  artifactKey: Guid(00000000000000001000000000000000) Importer(815301076,1909f56bfc062723c751e8b465ee728b)
Start importing Assets using Guid(00000000000000001000000000000000) Importer(815301076,1909f56bfc062723c751e8b465ee728b)  -> (artifact id: '42baae205c97e3337697759514652acd') in 0.008829 seconds
  Import took 0.012975 seconds .

========================================================================
Received Import Request.
  Time since last request: 0.011182 seconds.
  path: Assets
  artifactKey: Guid(00000000000000001000000000000000) Importer(815301076,1909f56bfc062723c751e8b465ee728b)
Start importing Assets using Guid(00000000000000001000000000000000) Importer(815301076,1909f56bfc062723c751e8b465ee728b)  -> (artifact id: '42baae205c97e3337697759514652acd') in 0.003747 seconds
  Import took 0.007227 seconds .

========================================================================
Received Import Request.
  Time since last request: 9.012176 seconds.
  path: Assets/Backgrounds
  artifactKey: Guid(0d119a9dbe9e796418af14dc133853ee) Importer(815301076,1909f56bfc062723c751e8b465ee728b)
Start importing Assets/Backgrounds using Guid(0d119a9dbe9e796418af14dc133853ee) Importer(815301076,1909f56bfc062723c751e8b465ee728b)  -> (artifact id: '6523a3c4956a491df1f1b3eb2408ad56') in 0.003768 seconds
  Import took 0.007032 seconds .

========================================================================
Received Import Request.
  Time since last request: 382.972627 seconds.
  path: Assets/Backgrounds/Black_back.jpg
  artifactKey: Guid(b11eff52438ce0746a022d33c2569270) Importer(815301076,1909f56bfc062723c751e8b465ee728b)
Start importing Assets/Backgrounds/Black_back.jpg using Guid(b11eff52438ce0746a022d33c2569270) Importer(815301076,1909f56bfc062723c751e8b465ee728b)  -> (artifact id: '25dd826dcc11943701f21fa20db725eb') in 0.102966 seconds
  Import took 0.107008 seconds .

========================================================================
Received Prepare
Registering precompiled user dll's ...
Registered in 0.000690 seconds.
Begin MonoManager ReloadAssembly
Native extension for WindowsStandalone target not found
Refreshing native plugins compatible for Editor in 0.20 ms, found 0 plugins.
Preloading 0 native plugins for Editor in 0.00 ms.
Invoked RoslynAnalysisRunner static constructor.
RoslynAnalysisRunner will not be running.
RoslynAnalysisRunner has terminated.
Mono: successfully reloaded assembly
- Completed reload, in  0.926 seconds
Platform modules already initialized, skipping
Refreshing native plugins compatible for Editor in 0.25 ms, found 0 plugins.
Preloading 0 native plugins for Editor in 0.00 ms.
Unloading 1109 Unused Serialized files (Serialized files now loaded: 0)
System memory in use before: 56.8 MB.
System memory in use after: 56.9 MB.

Unloading 4 unused Assets to reduce memory usage. Loaded Objects now: 1566.
Total: 1.628700 ms (FindLiveObjects: 0.223500 ms CreateObjectMapping: 0.054400 ms MarkObjects: 1.335100 ms  DeleteObjects: 0.013800 ms)

========================================================================
Received Prepare
Registering precompiled user dll's ...
Registered in 0.000856 seconds.
Begin MonoManager ReloadAssembly
Native extension for WindowsStandalone target not found
Refreshing native plugins compatible for Editor in 0.27 ms, found 0 plugins.
Preloading 0 native plugins for Editor in 0.00 ms.
Invoked RoslynAnalysisRunner static constructor.
RoslynAnalysisRunner will not be running.
RoslynAnalysisRunner has terminated.
Mono: successfully reloaded assembly
- Completed reload, in  1.071 seconds
Platform modules already initialized, skipping
Refreshing native plugins compatible for Editor in 0.28 ms, found 0 plugins.
Preloading 0 native plugins for Editor in 0.00 ms.
Unloading 1109 Unused Serialized files (Serialized files now loaded: 0)
System memory in use before: 56.8 MB.
System memory in use after: 56.9 MB.

Unloading 4 unused Assets to reduce memory usage. Loaded Objects now: 1569.
Total: 1.956400 ms (FindLiveObjects: 0.132500 ms CreateObjectMapping: 0.035000 ms MarkObjects: 1.771500 ms  DeleteObjects: 0.015800 ms)

========================================================================
Received Import Request.
  Time since last request: 2868.440816 seconds.
  path: Assets/Scenes/Game.unity
  artifactKey: Guid(b64eadece603dad4db7f4244ece710d7) Importer(815301076,1909f56bfc062723c751e8b465ee728b)
Start importing Assets/Scenes/Game.unity using Guid(b64eadece603dad4db7f4244ece710d7) Importer(815301076,1909f56bfc062723c751e8b465ee728b)  -> (artifact id: '33ce69b41e90b0f3cb7721b35da97a46') in 0.014928 seconds
  Import took 0.017744 seconds .

========================================================================
Received Import Request.
  Time since last request: 0.012192 seconds.
  path: Assets/Scenes/Game.unity
  artifactKey: Guid(b64eadece603dad4db7f4244ece710d7) Importer(815301076,1909f56bfc062723c751e8b465ee728b)
Start importing Assets/Scenes/Game.unity using Guid(b64eadece603dad4db7f4244ece710d7) Importer(815301076,1909f56bfc062723c751e8b465ee728b)  -> (artifact id: '33ce69b41e90b0f3cb7721b35da97a46') in 0.003770 seconds
  Import took 0.007074 seconds .

========================================================================
Received Import Request.
  Time since last request: 1.851162 seconds.
  path: Assets/Scenes/Menu.unity
  artifactKey: Guid(e86a2e277dbeccc46a7a5549a8ef1fb5) Importer(815301076,1909f56bfc062723c751e8b465ee728b)
Start importing Assets/Scenes/Menu.unity using Guid(e86a2e277dbeccc46a7a5549a8ef1fb5) Importer(815301076,1909f56bfc062723c751e8b465ee728b)  -> (artifact id: '60e89a0bdf4cb3a98d2472dab66e3d4c') in 0.004199 seconds
  Import took 0.007685 seconds .

========================================================================
Received Import Request.
  Time since last request: 112.312408 seconds.
  path: Assets/Images
  artifactKey: Guid(0d119a9dbe9e796418af14dc133853ee) Importer(815301076,1909f56bfc062723c751e8b465ee728b)
Start importing Assets/Images using Guid(0d119a9dbe9e796418af14dc133853ee) Importer(815301076,1909f56bfc062723c751e8b465ee728b)  -> (artifact id: 'ee274ee9ec8c3ba4d6b837d8c6fddbb3') in 0.004253 seconds
  Import took 0.007923 seconds .

========================================================================
Received Import Request.
  Time since last request: 4.498250 seconds.
  path: Assets/Images/Button.jpg
  artifactKey: Guid(db110584c4cdb714b81aaca0c9b4b4ac) Importer(815301076,1909f56bfc062723c751e8b465ee728b)
Start importing Assets/Images/Button.jpg using Guid(db110584c4cdb714b81aaca0c9b4b4ac) Importer(815301076,1909f56bfc062723c751e8b465ee728b)  -> (artifact id: '37ecf7a8ac15a43fc539e507b8683e69') in 0.053494 seconds
  Import took 0.056205 seconds .

========================================================================
Received Import Request.
  Time since last request: 0.008425 seconds.
  path: Assets/Images/Button.jpg
  artifactKey: Guid(db110584c4cdb714b81aaca0c9b4b4ac) Importer(815301076,1909f56bfc062723c751e8b465ee728b)
Start importing Assets/Images/Button.jpg using Guid(db110584c4cdb714b81aaca0c9b4b4ac) Importer(815301076,1909f56bfc062723c751e8b465ee728b)  -> (artifact id: '37ecf7a8ac15a43fc539e507b8683e69') in 0.009116 seconds
  Import took 0.011883 seconds .

========================================================================
Received Import Request.
  Time since last request: 23.384322 seconds.
  path: Assets/Images/Button.jpg
  artifactKey: Guid(db110584c4cdb714b81aaca0c9b4b4ac) Importer(815301076,1909f56bfc062723c751e8b465ee728b)
Start importing Assets/Images/Button.jpg using Guid(db110584c4cdb714b81aaca0c9b4b4ac) Importer(815301076,1909f56bfc062723c751e8b465ee728b)  -> (artifact id: '9d87129a19e6e1157e4571941e6e7c2d') in 0.011130 seconds
  Import took 0.014329 seconds .

========================================================================
Received Import Request.
  Time since last request: 73.560117 seconds.
  path: Assets/Images/New Material.mat
  artifactKey: Guid(fb3d3b5ec60dfaa40a23c06e4ba1cedd) Importer(815301076,1909f56bfc062723c751e8b465ee728b)
Start importing Assets/Images/New Material.mat using Guid(fb3d3b5ec60dfaa40a23c06e4ba1cedd) Importer(815301076,1909f56bfc062723c751e8b465ee728b)  -> (artifact id: '162044df85e28d61335a42f048a4ea8c') in 0.122459 seconds
  Import took 0.125525 seconds .

========================================================================
Received Import Request.
  Time since last request: 24.921619 seconds.
  path: Assets/Images/Button.jpg
  artifactKey: Guid(db110584c4cdb714b81aaca0c9b4b4ac) Importer(815301076,1909f56bfc062723c751e8b465ee728b)
Start importing Assets/Images/Button.jpg using Guid(db110584c4cdb714b81aaca0c9b4b4ac) Importer(815301076,1909f56bfc062723c751e8b465ee728b)  -> (artifact id: '586a043434c6978a89e52a24b039548d') in 0.039647 seconds
  Import took 0.043384 seconds .

========================================================================
Received Prepare
Registering precompiled user dll's ...
Registered in 0.000740 seconds.
Begin MonoManager ReloadAssembly
Native extension for WindowsStandalone target not found
Refreshing native plugins compatible for Editor in 0.38 ms, found 0 plugins.
Preloading 0 native plugins for Editor in 0.00 ms.
Invoked RoslynAnalysisRunner static constructor.
RoslynAnalysisRunner will not be running.
RoslynAnalysisRunner has terminated.
Mono: successfully reloaded assembly
- Completed reload, in  1.111 seconds
Platform modules already initialized, skipping
Refreshing native plugins compatible for Editor in 0.25 ms, found 0 plugins.
Preloading 0 native plugins for Editor in 0.00 ms.
Unloading 1109 Unused Serialized files (Serialized files now loaded: 0)
System memory in use before: 60.2 MB.
System memory in use after: 60.3 MB.

Unloading 4 unused Assets to reduce memory usage. Loaded Objects now: 1613.
Total: 2.172400 ms (FindLiveObjects: 0.141600 ms CreateObjectMapping: 0.040500 ms MarkObjects: 1.972200 ms  DeleteObjects: 0.016500 ms)

========================================================================
Received Prepare
Registering precompiled user dll's ...
Registered in 0.000832 seconds.
Begin MonoManager ReloadAssembly
Native extension for WindowsStandalone target not found
Refreshing native plugins compatible for Editor in 0.24 ms, found 0 plugins.
Preloading 0 native plugins for Editor in 0.00 ms.
Invoked RoslynAnalysisRunner static constructor.
RoslynAnalysisRunner will not be running.
RoslynAnalysisRunner has terminated.
Mono: successfully reloaded assembly
- Completed reload, in  1.190 seconds
Platform modules already initialized, skipping
Refreshing native plugins compatible for Editor in 0.22 ms, found 0 plugins.
Preloading 0 native plugins for Editor in 0.00 ms.
Unloading 1109 Unused Serialized files (Serialized files now loaded: 0)
System memory in use before: 60.2 MB.
System memory in use after: 60.3 MB.

Unloading 4 unused Assets to reduce memory usage. Loaded Objects now: 1616.
Total: 2.568300 ms (FindLiveObjects: 0.484800 ms CreateObjectMapping: 0.082800 ms MarkObjects: 1.981300 ms  DeleteObjects: 0.016400 ms)

========================================================================
Received Import Request.
  Time since last request: 367.382268 seconds.
  path: Assets/Images/Button.jpg
  artifactKey: Guid(db110584c4cdb714b81aaca0c9b4b4ac) Importer(815301076,1909f56bfc062723c751e8b465ee728b)
Start importing Assets/Images/Button.jpg using Guid(db110584c4cdb714b81aaca0c9b4b4ac) Importer(815301076,1909f56bfc062723c751e8b465ee728b)  -> (artifact id: '2d403801447480f06f34d908ae22276b') in 0.058738 seconds
  Import took 0.062045 seconds .

========================================================================
Received Import Request.
  Time since last request: 45.271685 seconds.
  path: Assets/Images/Button.jpg
  artifactKey: Guid(db110584c4cdb714b81aaca0c9b4b4ac) Importer(815301076,1909f56bfc062723c751e8b465ee728b)
Start importing Assets/Images/Button.jpg using Guid(db110584c4cdb714b81aaca0c9b4b4ac) Importer(815301076,1909f56bfc062723c751e8b465ee728b)  -> (artifact id: 'ffff530fbe8e8bbdb8887e4b2f42c0b8') in 0.041839 seconds
  Import took 0.045182 seconds .

========================================================================
Received Prepare
Registering precompiled user dll's ...
Registered in 0.000685 seconds.
Begin MonoManager ReloadAssembly
Native extension for WindowsStandalone target not found
Refreshing native plugins compatible for Editor in 0.23 ms, found 0 plugins.
Preloading 0 native plugins for Editor in 0.00 ms.
Invoked RoslynAnalysisRunner static constructor.
RoslynAnalysisRunner will not be running.
RoslynAnalysisRunner has terminated.
Mono: successfully reloaded assembly
- Completed reload, in  1.023 seconds
Platform modules already initialized, skipping
Refreshing native plugins compatible for Editor in 0.24 ms, found 0 plugins.
Preloading 0 native plugins for Editor in 0.00 ms.
Unloading 1109 Unused Serialized files (Serialized files now loaded: 0)
System memory in use before: 60.2 MB.
System memory in use after: 60.3 MB.

Unloading 4 unused Assets to reduce memory usage. Loaded Objects now: 1620.
Total: 2.366600 ms (FindLiveObjects: 0.174500 ms CreateObjectMapping: 0.049900 ms MarkObjects: 2.120700 ms  DeleteObjects: 0.020100 ms)

========================================================================
Received Import Request.
  Time since last request: 28.491810 seconds.
  path: Assets/Images/Button.jpg
  artifactKey: Guid(db110584c4cdb714b81aaca0c9b4b4ac) Importer(815301076,1909f56bfc062723c751e8b465ee728b)
Start importing Assets/Images/Button.jpg using Guid(db110584c4cdb714b81aaca0c9b4b4ac) Importer(815301076,1909f56bfc062723c751e8b465ee728b)  -> (artifact id: '2864db643d51690edd5aa0c71bb20071') in 0.078184 seconds
  Import took 0.081063 seconds .

========================================================================
Received Prepare
Registering precompiled user dll's ...
Registered in 0.000700 seconds.
Begin MonoManager ReloadAssembly
Native extension for WindowsStandalone target not found
Refreshing native plugins compatible for Editor in 0.22 ms, found 0 plugins.
Preloading 0 native plugins for Editor in 0.00 ms.
Invoked RoslynAnalysisRunner static constructor.
RoslynAnalysisRunner will not be running.
RoslynAnalysisRunner has terminated.
Mono: successfully reloaded assembly
- Completed reload, in  1.112 seconds
Platform modules already initialized, skipping
Refreshing native plugins compatible for Editor in 0.24 ms, found 0 plugins.
Preloading 0 native plugins for Editor in 0.00 ms.
Unloading 1109 Unused Serialized files (Serialized files now loaded: 0)
System memory in use before: 60.2 MB.
System memory in use after: 60.3 MB.

Unloading 4 unused Assets to reduce memory usage. Loaded Objects now: 1624.
Total: 2.100300 ms (FindLiveObjects: 0.148700 ms CreateObjectMapping: 0.048300 ms MarkObjects: 1.870500 ms  DeleteObjects: 0.031200 ms)

========================================================================
Received Import Request.
  Time since last request: 4149.435760 seconds.
  path: Assets/Scripts
  artifactKey: Guid(9b89042ff74a7774187853b125b1d015) Importer(815301076,1909f56bfc062723c751e8b465ee728b)
Start importing Assets/Scripts using Guid(9b89042ff74a7774187853b125b1d015) Importer(815301076,1909f56bfc062723c751e8b465ee728b)  -> (artifact id: '5a0f11ba911da0dcd369e3604b530cb0') in 0.013770 seconds
  Import took 0.020280 seconds .

========================================================================
Received Import Request.
  Time since last request: 1.612838 seconds.
  path: Assets/Scripts/MainMenu.cs
  artifactKey: Guid(c7c4c5c65fafdfb4fb998e9b4f41a85e) Importer(815301076,1909f56bfc062723c751e8b465ee728b)
Start importing Assets/Scripts/MainMenu.cs using Guid(c7c4c5c65fafdfb4fb998e9b4f41a85e) Importer(815301076,1909f56bfc062723c751e8b465ee728b)  -> (artifact id: '4c2a6e2981d2e9eed4e80cf6736d6643') in 0.022978 seconds
  Import took 0.027144 seconds .

========================================================================
Received Import Request.
  Time since last request: 0.010575 seconds.
  path: Assets/Scripts/MainMenu.cs
  artifactKey: Guid(c7c4c5c65fafdfb4fb998e9b4f41a85e) Importer(815301076,1909f56bfc062723c751e8b465ee728b)
Start importing Assets/Scripts/MainMenu.cs using Guid(c7c4c5c65fafdfb4fb998e9b4f41a85e) Importer(815301076,1909f56bfc062723c751e8b465ee728b)  -> (artifact id: '4c2a6e2981d2e9eed4e80cf6736d6643') in 0.007309 seconds
  Import took 0.014412 seconds .

========================================================================
Received Import Request.
  Time since last request: 58.298996 seconds.
  path: Assets/Scripts/MainPannel.cs
  artifactKey: Guid(2448803f01b991c49b01e432e4a961c8) Importer(815301076,1909f56bfc062723c751e8b465ee728b)
Start importing Assets/Scripts/MainPannel.cs using Guid(2448803f01b991c49b01e432e4a961c8) Importer(815301076,1909f56bfc062723c751e8b465ee728b)  -> (artifact id: '9d651ed5396150721fcdf872ac9a1a87') in 0.005397 seconds
  Import took 0.009542 seconds .

========================================================================
Received Prepare
Registering precompiled user dll's ...
Registered in 0.000647 seconds.
Begin MonoManager ReloadAssembly
Native extension for WindowsStandalone target not found
Refreshing native plugins compatible for Editor in 0.28 ms, found 0 plugins.
Preloading 0 native plugins for Editor in 0.00 ms.
Invoked RoslynAnalysisRunner static constructor.
RoslynAnalysisRunner will not be running.
RoslynAnalysisRunner has terminated.
Mono: successfully reloaded assembly
- Completed reload, in  1.303 seconds
Platform modules already initialized, skipping
Refreshing native plugins compatible for Editor in 0.53 ms, found 0 plugins.
Preloading 0 native plugins for Editor in 0.00 ms.
Unloading 1110 Unused Serialized files (Serialized files now loaded: 0)
System memory in use before: 60.3 MB.
System memory in use after: 60.4 MB.

Unloading 4 unused Assets to reduce memory usage. Loaded Objects now: 1628.
Total: 3.347900 ms (FindLiveObjects: 0.232700 ms CreateObjectMapping: 0.072900 ms MarkObjects: 3.011700 ms  DeleteObjects: 0.028100 ms)

========================================================================
Received Prepare
Registering precompiled user dll's ...
Registered in 0.000721 seconds.
Begin MonoManager ReloadAssembly
Native extension for WindowsStandalone target not found
Refreshing native plugins compatible for Editor in 0.22 ms, found 0 plugins.
Preloading 0 native plugins for Editor in 0.00 ms.
Invoked RoslynAnalysisRunner static constructor.
RoslynAnalysisRunner will not be running.
RoslynAnalysisRunner has terminated.
Mono: successfully reloaded assembly
- Completed reload, in  1.080 seconds
Platform modules already initialized, skipping
Refreshing native plugins compatible for Editor in 0.31 ms, found 0 plugins.
Preloading 0 native plugins for Editor in 0.00 ms.
Unloading 1110 Unused Serialized files (Serialized files now loaded: 0)
System memory in use before: 60.3 MB.
System memory in use after: 60.4 MB.

Unloading 4 unused Assets to reduce memory usage. Loaded Objects now: 1631.
Total: 2.389400 ms (FindLiveObjects: 0.193700 ms CreateObjectMapping: 0.048200 ms MarkObjects: 2.126300 ms  DeleteObjects: 0.019100 ms)

========================================================================
Received Import Request.
  Time since last request: 520.887976 seconds.
  path: Assets/Meshtint Free City Lite Pack Mega Toon/Materials/Cross Roads.mat
  artifactKey: Guid(d6f1f8e2cbfbf75409f887d8a757bf07) Importer(815301076,1909f56bfc062723c751e8b465ee728b)
Start importing Assets/Meshtint Free City Lite Pack Mega Toon/Materials/Cross Roads.mat using Guid(d6f1f8e2cbfbf75409f887d8a757bf07) Importer(815301076,1909f56bfc062723c751e8b465ee728b)  -> (artifact id: 'a6a1c2a0acb890e28b7bb08fb6216c88') in 0.476973 seconds
  Import took 0.481399 seconds .

========================================================================
Received Import Request.
  Time since last request: 273.132192 seconds.
  path: Assets/Scripts/Exit.cs
  artifactKey: Guid(6ddabdddf1f9bb94680644a7fbf04ece) Importer(815301076,1909f56bfc062723c751e8b465ee728b)
Start importing Assets/Scripts/Exit.cs using Guid(6ddabdddf1f9bb94680644a7fbf04ece) Importer(815301076,1909f56bfc062723c751e8b465ee728b)  -> (artifact id: '9f849f6de1220ca7c81596572ad7bbfc') in 0.009294 seconds
  Import took 0.014264 seconds .

========================================================================
Received Prepare
Registering precompiled user dll's ...
Registered in 0.001044 seconds.
Begin MonoManager ReloadAssembly
Native extension for WindowsStandalone target not found
Refreshing native plugins compatible for Editor in 0.27 ms, found 0 plugins.
Preloading 0 native plugins for Editor in 0.00 ms.
Invoked RoslynAnalysisRunner static constructor.
RoslynAnalysisRunner will not be running.
RoslynAnalysisRunner has terminated.
Mono: successfully reloaded assembly
- Completed reload, in  1.314 seconds
Platform modules already initialized, skipping
Refreshing native plugins compatible for Editor in 0.65 ms, found 0 plugins.
Preloading 0 native plugins for Editor in 0.00 ms.
Unloading 1111 Unused Serialized files (Serialized files now loaded: 0)
System memory in use before: 60.3 MB.
System memory in use after: 60.4 MB.

Unloading 4 unused Assets to reduce memory usage. Loaded Objects now: 1636.
Total: 5.760900 ms (FindLiveObjects: 0.265000 ms CreateObjectMapping: 0.064100 ms MarkObjects: 5.312700 ms  DeleteObjects: 0.113700 ms)

========================================================================
Received Prepare
Registering precompiled user dll's ...
Registered in 0.001448 seconds.
Begin MonoManager ReloadAssembly
Native extension for WindowsStandalone target not found
Refreshing native plugins compatible for Editor in 0.30 ms, found 0 plugins.
Preloading 0 native plugins for Editor in 0.00 ms.
Invoked RoslynAnalysisRunner static constructor.
RoslynAnalysisRunner will not be running.
RoslynAnalysisRunner has terminated.
Mono: successfully reloaded assembly
- Completed reload, in  1.634 seconds
Platform modules already initialized, skipping
Refreshing native plugins compatible for Editor in 0.39 ms, found 0 plugins.
Preloading 0 native plugins for Editor in 0.00 ms.
Unloading 1111 Unused Serialized files (Serialized files now loaded: 0)
System memory in use before: 60.3 MB.
System memory in use after: 60.4 MB.

Unloading 4 unused Assets to reduce memory usage. Loaded Objects now: 1639.
Total: 4.936000 ms (FindLiveObjects: 0.291800 ms CreateObjectMapping: 0.225000 ms MarkObjects: 4.345300 ms  DeleteObjects: 0.070800 ms)

========================================================================
Received Import Request.
  Time since last request: 41.146899 seconds.
  path: Assets/Scripts/Exit.cs
  artifactKey: Guid(6ddabdddf1f9bb94680644a7fbf04ece) Importer(815301076,1909f56bfc062723c751e8b465ee728b)
Start importing Assets/Scripts/Exit.cs using Guid(6ddabdddf1f9bb94680644a7fbf04ece) Importer(815301076,1909f56bfc062723c751e8b465ee728b)  -> (artifact id: '9256a3c815f7241a40e6072749bf8440') in 0.009768 seconds
  Import took 0.015730 seconds .

========================================================================
Received Prepare
Registering precompiled user dll's ...
Registered in 0.001169 seconds.
Begin MonoManager ReloadAssembly
Native extension for WindowsStandalone target not found
Refreshing native plugins compatible for Editor in 0.22 ms, found 0 plugins.
Preloading 0 native plugins for Editor in 0.00 ms.
Invoked RoslynAnalysisRunner static constructor.
RoslynAnalysisRunner will not be running.
RoslynAnalysisRunner has terminated.
Mono: successfully reloaded assembly
- Completed reload, in  1.025 seconds
Platform modules already initialized, skipping
Refreshing native plugins compatible for Editor in 0.22 ms, found 0 plugins.
Preloading 0 native plugins for Editor in 0.00 ms.
Unloading 1111 Unused Serialized files (Serialized files now loaded: 0)
System memory in use before: 60.3 MB.
System memory in use after: 60.4 MB.

Unloading 4 unused Assets to reduce memory usage. Loaded Objects now: 1642.
Total: 2.499900 ms (FindLiveObjects: 0.225100 ms CreateObjectMapping: 0.075400 ms MarkObjects: 2.182300 ms  DeleteObjects: 0.015700 ms)

========================================================================
Received Import Request.
  Time since last request: 163.196876 seconds.
  path: Assets/Scripts/MainPannel.cs
  artifactKey: Guid(2448803f01b991c49b01e432e4a961c8) Importer(815301076,1909f56bfc062723c751e8b465ee728b)
Start importing Assets/Scripts/MainPannel.cs using Guid(2448803f01b991c49b01e432e4a961c8) Importer(815301076,1909f56bfc062723c751e8b465ee728b)  -> (artifact id: '1aecd12b3019644d04428ec2c68f7ed7') in 0.007881 seconds
  Import took 0.012181 seconds .

========================================================================
Received Import Request.
  Time since last request: 0.000490 seconds.
  path: Assets/Scripts/MainPannel.cs
  artifactKey: Guid(2448803f01b991c49b01e432e4a961c8) Importer(815301076,1909f56bfc062723c751e8b465ee728b)
Start importing Assets/Scripts/MainPannel.cs using Guid(2448803f01b991c49b01e432e4a961c8) Importer(815301076,1909f56bfc062723c751e8b465ee728b)  -> (artifact id: '1aecd12b3019644d04428ec2c68f7ed7') in 0.004282 seconds
  Import took 0.008387 seconds .

========================================================================
Received Prepare
Registering precompiled user dll's ...
Registered in 0.000695 seconds.
Begin MonoManager ReloadAssembly
Native extension for WindowsStandalone target not found
Refreshing native plugins compatible for Editor in 0.22 ms, found 0 plugins.
Preloading 0 native plugins for Editor in 0.00 ms.
Invoked RoslynAnalysisRunner static constructor.
RoslynAnalysisRunner will not be running.
RoslynAnalysisRunner has terminated.
Mono: successfully reloaded assembly
- Completed reload, in  1.018 seconds
Platform modules already initialized, skipping
Refreshing native plugins compatible for Editor in 0.26 ms, found 0 plugins.
Preloading 0 native plugins for Editor in 0.00 ms.
Unloading 1111 Unused Serialized files (Serialized files now loaded: 0)
System memory in use before: 60.3 MB.
System memory in use after: 60.4 MB.

Unloading 4 unused Assets to reduce memory usage. Loaded Objects now: 1645.
Total: 2.032800 ms (FindLiveObjects: 0.154200 ms CreateObjectMapping: 0.043100 ms MarkObjects: 1.820400 ms  DeleteObjects: 0.013900 ms)

========================================================================
Received Prepare
Registering precompiled user dll's ...
Registered in 0.000479 seconds.
Begin MonoManager ReloadAssembly
Native extension for WindowsStandalone target not found
Refreshing native plugins compatible for Editor in 0.20 ms, found 0 plugins.
Preloading 0 native plugins for Editor in 0.00 ms.
Invoked RoslynAnalysisRunner static constructor.
RoslynAnalysisRunner will not be running.
RoslynAnalysisRunner has terminated.
Mono: successfully reloaded assembly
- Completed reload, in  0.673 seconds
Platform modules already initialized, skipping
Refreshing native plugins compatible for Editor in 0.19 ms, found 0 plugins.
Preloading 0 native plugins for Editor in 0.00 ms.
Unloading 1111 Unused Serialized files (Serialized files now loaded: 0)
System memory in use before: 60.4 MB.
System memory in use after: 60.5 MB.

Unloading 4 unused Assets to reduce memory usage. Loaded Objects now: 1648.
Total: 1.771000 ms (FindLiveObjects: 0.191000 ms CreateObjectMapping: 0.058500 ms MarkObjects: 1.503400 ms  DeleteObjects: 0.016100 ms)

========================================================================
Received Prepare
Registering precompiled user dll's ...
Registered in 0.000769 seconds.
Begin MonoManager ReloadAssembly
Native extension for WindowsStandalone target not found
Refreshing native plugins compatible for Editor in 0.21 ms, found 0 plugins.
Preloading 0 native plugins for Editor in 0.00 ms.
Invoked RoslynAnalysisRunner static constructor.
RoslynAnalysisRunner will not be running.
RoslynAnalysisRunner has terminated.
Mono: successfully reloaded assembly
- Completed reload, in  0.629 seconds
Platform modules already initialized, skipping
Refreshing native plugins compatible for Editor in 0.19 ms, found 0 plugins.
Preloading 0 native plugins for Editor in 0.00 ms.
Unloading 1111 Unused Serialized files (Serialized files now loaded: 0)
System memory in use before: 60.4 MB.
System memory in use after: 60.5 MB.

Unloading 4 unused Assets to reduce memory usage. Loaded Objects now: 1651.
Total: 1.633900 ms (FindLiveObjects: 0.140300 ms CreateObjectMapping: 0.032500 ms MarkObjects: 1.447300 ms  DeleteObjects: 0.013000 ms)

========================================================================
Received Prepare
Registering precompiled user dll's ...
Registered in 0.000511 seconds.
Begin MonoManager ReloadAssembly
Native extension for WindowsStandalone target not found
Refreshing native plugins compatible for Editor in 0.23 ms, found 0 plugins.
Preloading 0 native plugins for Editor in 0.00 ms.
Invoked RoslynAnalysisRunner static constructor.
RoslynAnalysisRunner will not be running.
RoslynAnalysisRunner has terminated.
Mono: successfully reloaded assembly
- Completed reload, in  0.676 seconds
Platform modules already initialized, skipping
Script error (MainPannel): Start() can not take parameters.

Script error (MainPannel): Start() can not take parameters.

Refreshing native plugins compatible for Editor in 0.20 ms, found 0 plugins.
Preloading 0 native plugins for Editor in 0.00 ms.
Unloading 1111 Unused Serialized files (Serialized files now loaded: 0)
System memory in use before: 60.5 MB.
System memory in use after: 60.6 MB.

Unloading 4 unused Assets to reduce memory usage. Loaded Objects now: 1654.
Total: 1.634200 ms (FindLiveObjects: 0.158500 ms CreateObjectMapping: 0.040200 ms MarkObjects: 1.423700 ms  DeleteObjects: 0.010900 ms)

========================================================================
Received Prepare
Registering precompiled user dll's ...
Registered in 0.000544 seconds.
Begin MonoManager ReloadAssembly
Native extension for WindowsStandalone target not found
Refreshing native plugins compatible for Editor in 0.19 ms, found 0 plugins.
Preloading 0 native plugins for Editor in 0.00 ms.
Invoked RoslynAnalysisRunner static constructor.
RoslynAnalysisRunner will not be running.
RoslynAnalysisRunner has terminated.
Mono: successfully reloaded assembly
- Completed reload, in  0.673 seconds
Platform modules already initialized, skipping
Refreshing native plugins compatible for Editor in 0.18 ms, found 0 plugins.
Preloading 0 native plugins for Editor in 0.00 ms.
Unloading 1111 Unused Serialized files (Serialized files now loaded: 0)
System memory in use before: 60.5 MB.
System memory in use after: 60.6 MB.

Unloading 4 unused Assets to reduce memory usage. Loaded Objects now: 1657.
Total: 1.578600 ms (FindLiveObjects: 0.126400 ms CreateObjectMapping: 0.031500 ms MarkObjects: 1.406700 ms  DeleteObjects: 0.013200 ms)

========================================================================
Received Prepare
Registering precompiled user dll's ...
Registered in 0.000514 seconds.
Begin MonoManager ReloadAssembly
Native extension for WindowsStandalone target not found
Refreshing native plugins compatible for Editor in 0.19 ms, found 0 plugins.
Preloading 0 native plugins for Editor in 0.00 ms.
Invoked RoslynAnalysisRunner static constructor.
RoslynAnalysisRunner will not be running.
RoslynAnalysisRunner has terminated.
Mono: successfully reloaded assembly
- Completed reload, in  0.649 seconds
Platform modules already initialized, skipping
Refreshing native plugins compatible for Editor in 0.22 ms, found 0 plugins.
Preloading 0 native plugins for Editor in 0.00 ms.
Unloading 1111 Unused Serialized files (Serialized files now loaded: 0)
System memory in use before: 60.5 MB.
System memory in use after: 60.6 MB.

Unloading 4 unused Assets to reduce memory usage. Loaded Objects now: 1660.
Total: 1.714500 ms (FindLiveObjects: 0.145700 ms CreateObjectMapping: 0.038100 ms MarkObjects: 1.518000 ms  DeleteObjects: 0.011900 ms)

========================================================================
Received Prepare
Registering precompiled user dll's ...
Registered in 0.000476 seconds.
Begin MonoManager ReloadAssembly
Native extension for WindowsStandalone target not found
Refreshing native plugins compatible for Editor in 0.21 ms, found 0 plugins.
Preloading 0 native plugins for Editor in 0.00 ms.
Invoked RoslynAnalysisRunner static constructor.
RoslynAnalysisRunner will not be running.
RoslynAnalysisRunner has terminated.
Mono: successfully reloaded assembly
- Completed reload, in  0.728 seconds
Platform modules already initialized, skipping
Refreshing native plugins compatible for Editor in 0.18 ms, found 0 plugins.
Preloading 0 native plugins for Editor in 0.00 ms.
Unloading 1111 Unused Serialized files (Serialized files now loaded: 0)
System memory in use before: 60.5 MB.
System memory in use after: 60.6 MB.

Unloading 4 unused Assets to reduce memory usage. Loaded Objects now: 1663.
Total: 1.511200 ms (FindLiveObjects: 0.134800 ms CreateObjectMapping: 0.033500 ms MarkObjects: 1.330600 ms  DeleteObjects: 0.011100 ms)

========================================================================
Received Prepare
Registering precompiled user dll's ...
Registered in 0.000489 seconds.
Begin MonoManager ReloadAssembly
Native extension for WindowsStandalone target not found
Refreshing native plugins compatible for Editor in 0.19 ms, found 0 plugins.
Preloading 0 native plugins for Editor in 0.00 ms.
Invoked RoslynAnalysisRunner static constructor.
RoslynAnalysisRunner will not be running.
RoslynAnalysisRunner has terminated.
Mono: successfully reloaded assembly
- Completed reload, in  0.656 seconds
Platform modules already initialized, skipping
Refreshing native plugins compatible for Editor in 0.21 ms, found 0 plugins.
Preloading 0 native plugins for Editor in 0.00 ms.
Unloading 1111 Unused Serialized files (Serialized files now loaded: 0)
System memory in use before: 60.5 MB.
System memory in use after: 60.6 MB.

Unloading 4 unused Assets to reduce memory usage. Loaded Objects now: 1666.
Total: 1.736000 ms (FindLiveObjects: 0.186600 ms CreateObjectMapping: 0.050700 ms MarkObjects: 1.481900 ms  DeleteObjects: 0.015000 ms)

========================================================================
Received Import Request.
  Time since last request: 506.254481 seconds.
  path: Assets/Music/NewAudioMixer.mixer
  artifactKey: Guid(e0613b796d91b434fbb165dd42778568) Importer(815301076,1909f56bfc062723c751e8b465ee728b)
Start importing Assets/Music/NewAudioMixer.mixer using Guid(e0613b796d91b434fbb165dd42778568) Importer(815301076,1909f56bfc062723c751e8b465ee728b)  -> (artifact id: '40c8e9e7d76312553cbe4fee7b2b4cb0') in 0.016820 seconds
  Import took 0.018618 seconds .

========================================================================
Received Import Request.
  Time since last request: 17.513542 seconds.
  path: Assets/Music/AudioMixer.mixer
  artifactKey: Guid(e0613b796d91b434fbb165dd42778568) Importer(815301076,1909f56bfc062723c751e8b465ee728b)
Start importing Assets/Music/AudioMixer.mixer using Guid(e0613b796d91b434fbb165dd42778568) Importer(815301076,1909f56bfc062723c751e8b465ee728b)  -> (artifact id: '6cdf0bb8abe22a930f2863b2f22cffc3') in 0.003074 seconds
  Import took 0.005264 seconds .

========================================================================
Received Import Request.
  Time since last request: 0.001847 seconds.
  path: Assets/Music/AudioMixer.mixer
  artifactKey: Guid(e0613b796d91b434fbb165dd42778568) Importer(815301076,1909f56bfc062723c751e8b465ee728b)
Start importing Assets/Music/AudioMixer.mixer using Guid(e0613b796d91b434fbb165dd42778568) Importer(815301076,1909f56bfc062723c751e8b465ee728b)  -> (artifact id: '6cdf0bb8abe22a930f2863b2f22cffc3') in 0.002236 seconds
  Import took 0.003989 seconds .

========================================================================
Received Import Request.
  Time since last request: 15.855276 seconds.
  path: Assets/Music/AudioMixer.mixer
  artifactKey: Guid(e0613b796d91b434fbb165dd42778568) Importer(815301076,1909f56bfc062723c751e8b465ee728b)
Start importing Assets/Music/AudioMixer.mixer using Guid(e0613b796d91b434fbb165dd42778568) Importer(815301076,1909f56bfc062723c751e8b465ee728b)  -> (artifact id: 'ed51e5023f76543229b89119fb1d4a9d') in 0.002362 seconds
  Import took 0.004104 seconds .

========================================================================
Received Import Request.
  Time since last request: 0.202714 seconds.
  path: Assets/Music/AudioMixer.mixer
  artifactKey: Guid(e0613b796d91b434fbb165dd42778568) Importer(815301076,1909f56bfc062723c751e8b465ee728b)
Start importing Assets/Music/AudioMixer.mixer using Guid(e0613b796d91b434fbb165dd42778568) Importer(815301076,1909f56bfc062723c751e8b465ee728b)  -> (artifact id: 'ed51e5023f76543229b89119fb1d4a9d') in 0.002966 seconds
  Import took 0.005032 seconds .

========================================================================
Received Import Request.
  Time since last request: 9.003082 seconds.
  path: Assets/Music/AudioMixer.mixer
  artifactKey: Guid(e0613b796d91b434fbb165dd42778568) Importer(815301076,1909f56bfc062723c751e8b465ee728b)
Start importing Assets/Music/AudioMixer.mixer using Guid(e0613b796d91b434fbb165dd42778568) Importer(815301076,1909f56bfc062723c751e8b465ee728b)  -> (artifact id: '645dc339a34bbcfa5cc20c1c5313e63a') in 0.002144 seconds
  Import took 0.004189 seconds .

========================================================================
Received Prepare
Registering precompiled user dll's ...
Registered in 0.000531 seconds.
Begin MonoManager ReloadAssembly
Native extension for WindowsStandalone target not found
Refreshing native plugins compatible for Editor in 0.19 ms, found 0 plugins.
Preloading 0 native plugins for Editor in 0.00 ms.
Invoked RoslynAnalysisRunner static constructor.
RoslynAnalysisRunner will not be running.
RoslynAnalysisRunner has terminated.
Mono: successfully reloaded assembly
- Completed reload, in  0.937 seconds
Platform modules already initialized, skipping
Refreshing native plugins compatible for Editor in 0.23 ms, found 0 plugins.
Preloading 0 native plugins for Editor in 0.00 ms.
Unloading 1111 Unused Serialized files (Serialized files now loaded: 0)
System memory in use before: 60.6 MB.
System memory in use after: 60.7 MB.

Unloading 4 unused Assets to reduce memory usage. Loaded Objects now: 1669.
Total: 3.522000 ms (FindLiveObjects: 0.124400 ms CreateObjectMapping: 0.026100 ms MarkObjects: 3.298600 ms  DeleteObjects: 0.068400 ms)

========================================================================
Received Prepare
Registering precompiled user dll's ...
Registered in 0.000620 seconds.
Begin MonoManager ReloadAssembly
Native extension for WindowsStandalone target not found
Refreshing native plugins compatible for Editor in 0.30 ms, found 0 plugins.
Preloading 0 native plugins for Editor in 0.00 ms.
Invoked RoslynAnalysisRunner static constructor.
RoslynAnalysisRunner will not be running.
RoslynAnalysisRunner has terminated.
Mono: successfully reloaded assembly
- Completed reload, in  0.890 seconds
Platform modules already initialized, skipping
Refreshing native plugins compatible for Editor in 0.21 ms, found 0 plugins.
Preloading 0 native plugins for Editor in 0.00 ms.
Unloading 1111 Unused Serialized files (Serialized files now loaded: 0)
System memory in use before: 60.6 MB.
System memory in use after: 60.7 MB.

Unloading 4 unused Assets to reduce memory usage. Loaded Objects now: 1672.
Total: 2.434800 ms (FindLiveObjects: 0.186300 ms CreateObjectMapping: 0.065600 ms MarkObjects: 2.159200 ms  DeleteObjects: 0.021800 ms)

========================================================================
Received Prepare
Registering precompiled user dll's ...
Registered in 0.000701 seconds.
Begin MonoManager ReloadAssembly
Native extension for WindowsStandalone target not found
Refreshing native plugins compatible for Editor in 0.78 ms, found 0 plugins.
Preloading 0 native plugins for Editor in 0.00 ms.
Invoked RoslynAnalysisRunner static constructor.
RoslynAnalysisRunner will not be running.
RoslynAnalysisRunner has terminated.
Mono: successfully reloaded assembly
- Completed reload, in  1.033 seconds
Platform modules already initialized, skipping
Refreshing native plugins compatible for Editor in 0.29 ms, found 0 plugins.
Preloading 0 native plugins for Editor in 0.00 ms.
Unloading 1111 Unused Serialized files (Serialized files now loaded: 0)
System memory in use before: 60.6 MB.
System memory in use after: 60.7 MB.

Unloading 4 unused Assets to reduce memory usage. Loaded Objects now: 1675.
Total: 1.676500 ms (FindLiveObjects: 0.156700 ms CreateObjectMapping: 0.037700 ms MarkObjects: 1.466900 ms  DeleteObjects: 0.013400 ms)

========================================================================
Received Import Request.
  Time since last request: 956.834197 seconds.
  path: Assets/Music/Button.mp3
  artifactKey: Guid(0a19826ec2a83f44e93982b4b729a977) Importer(815301076,1909f56bfc062723c751e8b465ee728b)
Start importing Assets/Music/Button.mp3 using Guid(0a19826ec2a83f44e93982b4b729a977) Importer(815301076,1909f56bfc062723c751e8b465ee728b)  -> (artifact id: '34d2d4af89bfec153b9c129769fa8e5c') in 0.075086 seconds
  Import took 0.077287 seconds .

========================================================================
Received Prepare
Registering precompiled user dll's ...
Registered in 0.000514 seconds.
Begin MonoManager ReloadAssembly
Native extension for WindowsStandalone target not found
Refreshing native plugins compatible for Editor in 0.19 ms, found 0 plugins.
Preloading 0 native plugins for Editor in 0.00 ms.
Invoked RoslynAnalysisRunner static constructor.
RoslynAnalysisRunner will not be running.
RoslynAnalysisRunner has terminated.
Mono: successfully reloaded assembly
- Completed reload, in  0.677 seconds
Platform modules already initialized, skipping
Refreshing native plugins compatible for Editor in 0.20 ms, found 0 plugins.
Preloading 0 native plugins for Editor in 0.00 ms.
Unloading 1111 Unused Serialized files (Serialized files now loaded: 0)
System memory in use before: 60.6 MB.
System memory in use after: 60.7 MB.

Unloading 4 unused Assets to reduce memory usage. Loaded Objects now: 1681.
Total: 1.378000 ms (FindLiveObjects: 0.140600 ms CreateObjectMapping: 0.033700 ms MarkObjects: 1.191400 ms  DeleteObjects: 0.011700 ms)

========================================================================
Received Prepare
Registering precompiled user dll's ...
Registered in 0.000453 seconds.
Begin MonoManager ReloadAssembly
Native extension for WindowsStandalone target not found
Refreshing native plugins compatible for Editor in 0.19 ms, found 0 plugins.
Preloading 0 native plugins for Editor in 0.00 ms.
Invoked RoslynAnalysisRunner static constructor.
RoslynAnalysisRunner will not be running.
RoslynAnalysisRunner has terminated.
Mono: successfully reloaded assembly
- Completed reload, in  0.658 seconds
Platform modules already initialized, skipping
Refreshing native plugins compatible for Editor in 0.22 ms, found 0 plugins.
Preloading 0 native plugins for Editor in 0.00 ms.
Unloading 1111 Unused Serialized files (Serialized files now loaded: 0)
System memory in use before: 60.6 MB.
System memory in use after: 60.7 MB.

Unloading 4 unused Assets to reduce memory usage. Loaded Objects now: 1684.
Total: 1.775300 ms (FindLiveObjects: 0.284200 ms CreateObjectMapping: 0.110500 ms MarkObjects: 1.364900 ms  DeleteObjects: 0.013900 ms)

========================================================================
Received Import Request.
  Time since last request: 629.093408 seconds.
  path: Assets/Music/AudioMixer.mixer
  artifactKey: Guid(e0613b796d91b434fbb165dd42778568) Importer(815301076,1909f56bfc062723c751e8b465ee728b)
Start importing Assets/Music/AudioMixer.mixer using Guid(e0613b796d91b434fbb165dd42778568) Importer(815301076,1909f56bfc062723c751e8b465ee728b)  -> (artifact id: 'd49bf0a114d36896efcd9a22f04d2e8e') in 0.010812 seconds
  Import took 0.012843 seconds .

AssetImportWorkerClient::OnTransportError - code=2 error=End of file
